<?xml version="1.0" encoding="UTF-8"?>
<coverage generated="1769886724770" clover="3.2.0">
  <project timestamp="1769886724770" name="All files">
    <metrics statements="69" coveredstatements="65" conditionals="30" coveredconditionals="27" methods="13" coveredmethods="13" elements="112" coveredelements="105" complexity="0" loc="69" ncloc="69" packages="2" files="2" classes="2"/>
    <package name="middleware">
      <metrics statements="19" coveredstatements="19" conditionals="12" coveredconditionals="11" methods="4" coveredmethods="4"/>
      <file name="auth.js" path="C:\Users\bosea\Inventory\backend\middleware\auth.js">
        <metrics statements="19" coveredstatements="19" conditionals="12" coveredconditionals="11" methods="4" coveredmethods="4"/>
        <line num="1" count="5" type="stmt"/>
        <line num="3" count="5" type="stmt"/>
        <line num="4" count="19" type="stmt"/>
        <line num="5" count="19" type="cond" truecount="2" falsecount="0"/>
        <line num="7" count="19" type="cond" truecount="2" falsecount="0"/>
        <line num="8" count="4" type="stmt"/>
        <line num="11" count="15" type="cond" truecount="1" falsecount="1"/>
        <line num="12" count="15" type="cond" truecount="2" falsecount="0"/>
        <line num="13" count="2" type="stmt"/>
        <line num="15" count="13" type="stmt"/>
        <line num="16" count="13" type="stmt"/>
        <line num="20" count="5" type="stmt"/>
        <line num="21" count="21" type="stmt"/>
        <line num="22" count="28" type="cond" truecount="2" falsecount="0"/>
        <line num="23" count="1" type="stmt"/>
        <line num="26" count="27" type="cond" truecount="2" falsecount="0"/>
        <line num="27" count="3" type="stmt"/>
        <line num="30" count="24" type="stmt"/>
        <line num="34" count="5" type="stmt"/>
      </file>
    </package>
    <package name="routes">
      <metrics statements="50" coveredstatements="46" conditionals="18" coveredconditionals="16" methods="9" coveredmethods="9"/>
      <file name="auth.js" path="C:\Users\bosea\Inventory\backend\routes\auth.js">
        <metrics statements="50" coveredstatements="46" conditionals="18" coveredconditionals="16" methods="9" coveredmethods="9"/>
        <line num="1" count="1" type="stmt"/>
        <line num="2" count="1" type="stmt"/>
        <line num="3" count="1" type="stmt"/>
        <line num="4" count="1" type="stmt"/>
        <line num="5" count="1" type="stmt"/>
        <line num="6" count="1" type="stmt"/>
        <line num="10" count="1" type="stmt"/>
        <line num="12" count="1" type="stmt"/>
        <line num="14" count="1" type="stmt"/>
        <line num="50" count="1" type="stmt"/>
        <line num="54" count="23" type="stmt"/>
        <line num="55" count="23" type="stmt"/>
        <line num="56" count="23" type="cond" truecount="2" falsecount="0"/>
        <line num="57" count="2" type="stmt"/>
        <line num="60" count="21" type="stmt"/>
        <line num="63" count="41" type="cond" truecount="2" falsecount="0"/>
        <line num="64" count="21" type="cond" truecount="2" falsecount="0"/>
        <line num="65" count="1" type="stmt"/>
        <line num="69" count="20" type="stmt"/>
        <line num="70" count="20" type="cond" truecount="2" falsecount="0"/>
        <line num="71" count="1" type="stmt"/>
        <line num="75" count="19" type="stmt"/>
        <line num="87" count="19" type="stmt"/>
        <line num="98" count="0" type="stmt"/>
        <line num="99" count="0" type="stmt"/>
        <line num="104" count="1" type="stmt"/>
        <line num="116" count="7" type="stmt"/>
        <line num="117" count="7" type="stmt"/>
        <line num="118" count="7" type="cond" truecount="2" falsecount="0"/>
        <line num="119" count="4" type="stmt"/>
        <line num="122" count="3" type="stmt"/>
        <line num="124" count="11" type="stmt"/>
        <line num="125" count="3" type="cond" truecount="2" falsecount="0"/>
        <line num="126" count="1" type="stmt"/>
        <line num="129" count="6" type="stmt"/>
        <line num="130" count="2" type="cond" truecount="2" falsecount="0"/>
        <line num="131" count="1" type="stmt"/>
        <line num="134" count="1" type="stmt"/>
        <line num="135" count="4" type="cond" truecount="1" falsecount="1"/>
        <line num="137" count="1" type="stmt"/>
        <line num="146" count="1" type="stmt"/>
        <line num="148" count="1" type="stmt"/>
        <line num="158" count="0" type="stmt"/>
        <line num="159" count="0" type="stmt"/>
        <line num="165" count="1" type="stmt"/>
        <line num="170" count="5" type="stmt"/>
        <line num="171" count="1" type="stmt"/>
        <line num="176" count="1" type="stmt"/>
        <line num="177" count="1" type="stmt"/>
        <line num="180" count="1" type="stmt"/>
      </file>
    </package>
  </project>
</coverage>
