{"C:\\Users\\bosea\\Inventory\\backend\\middleware\\auth.js": {"path":"C:\\Users\\bosea\\Inventory\\backend\\middleware\\auth.js","statementMap":{"0":{"start":{"line":1,"column":12},"end":{"line":1,"column":35}},"1":{"start":{"line":3,"column":26},"end":{"line":18,"column":1}},"2":{"start":{"line":4,"column":21},"end":{"line":4,"column":49}},"3":{"start":{"line":5,"column":16},"end":{"line":5,"column":54}},"4":{"start":{"line":7,"column":2},"end":{"line":9,"column":3}},"5":{"start":{"line":8,"column":4},"end":{"line":8,"column":70}},"6":{"start":{"line":11,"column":2},"end":{"line":17,"column":5}},"7":{"start":{"line":12,"column":4},"end":{"line":14,"column":5}},"8":{"start":{"line":13,"column":6},"end":{"line":13,"column":75}},"9":{"start":{"line":15,"column":4},"end":{"line":15,"column":20}},"10":{"start":{"line":16,"column":4},"end":{"line":16,"column":11}},"11":{"start":{"line":20,"column":23},"end":{"line":32,"column":1}},"12":{"start":{"line":21,"column":2},"end":{"line":31,"column":4}},"13":{"start":{"line":22,"column":4},"end":{"line":24,"column":5}},"14":{"start":{"line":23,"column":6},"end":{"line":23,"column":74}},"15":{"start":{"line":26,"column":4},"end":{"line":28,"column":5}},"16":{"start":{"line":27,"column":6},"end":{"line":27,"column":75}},"17":{"start":{"line":30,"column":4},"end":{"line":30,"column":11}},"18":{"start":{"line":34,"column":0},"end":{"line":34,"column":55}}},"fnMap":{"0":{"name":"(anonymous_0)","decl":{"start":{"line":3,"column":26},"end":{"line":3,"column":27}},"loc":{"start":{"line":3,"column":46},"end":{"line":18,"column":1}},"line":3},"1":{"name":"(anonymous_1)","decl":{"start":{"line":11,"column":86},"end":{"line":11,"column":87}},"loc":{"start":{"line":11,"column":101},"end":{"line":17,"column":3}},"line":11},"2":{"name":"(anonymous_2)","decl":{"start":{"line":20,"column":23},"end":{"line":20,"column":24}},"loc":{"start":{"line":20,"column":37},"end":{"line":32,"column":1}},"line":20},"3":{"name":"(anonymous_3)","decl":{"start":{"line":21,"column":9},"end":{"line":21,"column":10}},"loc":{"start":{"line":21,"column":29},"end":{"line":31,"column":3}},"line":21}},"branchMap":{"0":{"loc":{"start":{"line":5,"column":16},"end":{"line":5,"column":54}},"type":"binary-expr","locations":[{"start":{"line":5,"column":16},"end":{"line":5,"column":26}},{"start":{"line":5,"column":30},"end":{"line":5,"column":54}}],"line":5},"1":{"loc":{"start":{"line":7,"column":2},"end":{"line":9,"column":3}},"type":"if","locations":[{"start":{"line":7,"column":2},"end":{"line":9,"column":3}},{"start":{},"end":{}}],"line":7},"2":{"loc":{"start":{"line":11,"column":20},"end":{"line":11,"column":84}},"type":"binary-expr","locations":[{"start":{"line":11,"column":20},"end":{"line":11,"column":42}},{"start":{"line":11,"column":46},"end":{"line":11,"column":84}}],"line":11},"3":{"loc":{"start":{"line":12,"column":4},"end":{"line":14,"column":5}},"type":"if","locations":[{"start":{"line":12,"column":4},"end":{"line":14,"column":5}},{"start":{},"end":{}}],"line":12},"4":{"loc":{"start":{"line":22,"column":4},"end":{"line":24,"column":5}},"type":"if","locations":[{"start":{"line":22,"column":4},"end":{"line":24,"column":5}},{"start":{},"end":{}}],"line":22},"5":{"loc":{"start":{"line":26,"column":4},"end":{"line":28,"column":5}},"type":"if","locations":[{"start":{"line":26,"column":4},"end":{"line":28,"column":5}},{"start":{},"end":{}}],"line":26}},"s":{"0":5,"1":5,"2":19,"3":19,"4":19,"5":4,"6":15,"7":15,"8":2,"9":13,"10":13,"11":5,"12":21,"13":28,"14":1,"15":27,"16":3,"17":24,"18":5},"f":{"0":19,"1":15,"2":21,"3":28},"b":{"0":[19,16],"1":[4,15],"2":[15,0],"3":[2,13],"4":[1,27],"5":[3,24]},"_coverageSchema":"1a1c01bbd47fc00a2c39e90264f33305004495a9","hash":"8d0aefa32a1a75e6550ab9bd93807f1ecdf2c2f7"}
,"C:\\Users\\bosea\\Inventory\\backend\\routes\\auth.js": {"path":"C:\\Users\\bosea\\Inventory\\backend\\routes\\auth.js","statementMap":{"0":{"start":{"line":1,"column":16},"end":{"line":1,"column":34}},"1":{"start":{"line":2,"column":12},"end":{"line":2,"column":35}},"2":{"start":{"line":3,"column":15},"end":{"line":3,"column":34}},"3":{"start":{"line":4,"column":35},"end":{"line":4,"column":63}},"4":{"start":{"line":5,"column":15},"end":{"line":5,"column":31}},"5":{"start":{"line":6,"column":46},"end":{"line":6,"column":75}},"6":{"start":{"line":10,"column":23},"end":{"line":10,"column":54}},"7":{"start":{"line":12,"column":21},"end":{"line":12,"column":63}},"8":{"start":{"line":14,"column":12},"end":{"line":47,"column":1}},"9":{"start":{"line":50,"column":0},"end":{"line":101,"column":3}},"10":{"start":{"line":54,"column":2},"end":{"line":100,"column":3}},"11":{"start":{"line":55,"column":19},"end":{"line":55,"column":40}},"12":{"start":{"line":56,"column":4},"end":{"line":58,"column":5}},"13":{"start":{"line":57,"column":6},"end":{"line":57,"column":62}},"14":{"start":{"line":60,"column":35},"end":{"line":60,"column":43}},"15":{"start":{"line":63,"column":17},"end":{"line":63,"column":81}},"16":{"start":{"line":63,"column":33},"end":{"line":63,"column":80}},"17":{"start":{"line":64,"column":4},"end":{"line":66,"column":5}},"18":{"start":{"line":65,"column":6},"end":{"line":65,"column":70}},"19":{"start":{"line":69,"column":28},"end":{"line":69,"column":73}},"20":{"start":{"line":70,"column":4},"end":{"line":72,"column":5}},"21":{"start":{"line":71,"column":6},"end":{"line":71,"column":70}},"22":{"start":{"line":75,"column":18},"end":{"line":85,"column":5}},"23":{"start":{"line":87,"column":4},"end":{"line":96,"column":7}},"24":{"start":{"line":98,"column":4},"end":{"line":98,"column":41}},"25":{"start":{"line":99,"column":4},"end":{"line":99,"column":67}},"26":{"start":{"line":104,"column":0},"end":{"line":162,"column":2}},"27":{"start":{"line":116,"column":4},"end":{"line":160,"column":5}},"28":{"start":{"line":117,"column":21},"end":{"line":117,"column":42}},"29":{"start":{"line":118,"column":6},"end":{"line":120,"column":7}},"30":{"start":{"line":119,"column":8},"end":{"line":119,"column":64}},"31":{"start":{"line":122,"column":56},"end":{"line":122,"column":64}},"32":{"start":{"line":124,"column":29},"end":{"line":124,"column":69}},"33":{"start":{"line":124,"column":45},"end":{"line":124,"column":68}},"34":{"start":{"line":125,"column":6},"end":{"line":127,"column":7}},"35":{"start":{"line":126,"column":8},"end":{"line":126,"column":76}},"36":{"start":{"line":129,"column":26},"end":{"line":129,"column":60}},"37":{"start":{"line":129,"column":42},"end":{"line":129,"column":59}},"38":{"start":{"line":130,"column":6},"end":{"line":132,"column":7}},"39":{"start":{"line":131,"column":8},"end":{"line":131,"column":73}},"40":{"start":{"line":134,"column":21},"end":{"line":134,"column":52}},"41":{"start":{"line":135,"column":21},"end":{"line":135,"column":77}},"42":{"start":{"line":135,"column":63},"end":{"line":135,"column":67}},"43":{"start":{"line":137,"column":22},"end":{"line":144,"column":7}},"44":{"start":{"line":146,"column":6},"end":{"line":146,"column":26}},"45":{"start":{"line":148,"column":6},"end":{"line":156,"column":9}},"46":{"start":{"line":158,"column":6},"end":{"line":158,"column":49}},"47":{"start":{"line":159,"column":6},"end":{"line":159,"column":76}},"48":{"start":{"line":165,"column":0},"end":{"line":173,"column":2}},"49":{"start":{"line":170,"column":22},"end":{"line":170,"column":64}},"50":{"start":{"line":170,"column":59},"end":{"line":170,"column":63}},"51":{"start":{"line":171,"column":4},"end":{"line":171,"column":35}},"52":{"start":{"line":176,"column":0},"end":{"line":178,"column":3}},"53":{"start":{"line":177,"column":2},"end":{"line":177,"column":31}},"54":{"start":{"line":180,"column":0},"end":{"line":180,"column":24}}},"fnMap":{"0":{"name":"(anonymous_0)","decl":{"start":{"line":53,"column":3},"end":{"line":53,"column":4}},"loc":{"start":{"line":53,"column":23},"end":{"line":101,"column":1}},"line":53},"1":{"name":"(anonymous_1)","decl":{"start":{"line":63,"column":28},"end":{"line":63,"column":29}},"loc":{"start":{"line":63,"column":33},"end":{"line":63,"column":80}},"line":63},"2":{"name":"(anonymous_2)","decl":{"start":{"line":115,"column":2},"end":{"line":115,"column":3}},"loc":{"start":{"line":115,"column":22},"end":{"line":161,"column":3}},"line":115},"3":{"name":"(anonymous_3)","decl":{"start":{"line":124,"column":40},"end":{"line":124,"column":41}},"loc":{"start":{"line":124,"column":45},"end":{"line":124,"column":68}},"line":124},"4":{"name":"(anonymous_4)","decl":{"start":{"line":129,"column":37},"end":{"line":129,"column":38}},"loc":{"start":{"line":129,"column":42},"end":{"line":129,"column":59}},"line":129},"5":{"name":"(anonymous_5)","decl":{"start":{"line":135,"column":58},"end":{"line":135,"column":59}},"loc":{"start":{"line":135,"column":63},"end":{"line":135,"column":67}},"line":135},"6":{"name":"(anonymous_6)","decl":{"start":{"line":169,"column":2},"end":{"line":169,"column":3}},"loc":{"start":{"line":169,"column":16},"end":{"line":172,"column":3}},"line":169},"7":{"name":"(anonymous_7)","decl":{"start":{"line":170,"column":32},"end":{"line":170,"column":33}},"loc":{"start":{"line":170,"column":59},"end":{"line":170,"column":63}},"line":170},"8":{"name":"(anonymous_8)","decl":{"start":{"line":176,"column":67},"end":{"line":176,"column":68}},"loc":{"start":{"line":176,"column":81},"end":{"line":178,"column":1}},"line":176}},"branchMap":{"0":{"loc":{"start":{"line":56,"column":4},"end":{"line":58,"column":5}},"type":"if","locations":[{"start":{"line":56,"column":4},"end":{"line":58,"column":5}},{"start":{},"end":{}}],"line":56},"1":{"loc":{"start":{"line":63,"column":33},"end":{"line":63,"column":80}},"type":"binary-expr","locations":[{"start":{"line":63,"column":33},"end":{"line":63,"column":56}},{"start":{"line":63,"column":60},"end":{"line":63,"column":80}}],"line":63},"2":{"loc":{"start":{"line":64,"column":4},"end":{"line":66,"column":5}},"type":"if","locations":[{"start":{"line":64,"column":4},"end":{"line":66,"column":5}},{"start":{},"end":{}}],"line":64},"3":{"loc":{"start":{"line":70,"column":4},"end":{"line":72,"column":5}},"type":"if","locations":[{"start":{"line":70,"column":4},"end":{"line":72,"column":5}},{"start":{},"end":{}}],"line":70},"4":{"loc":{"start":{"line":83,"column":6},"end":{"line":83,"column":70}},"type":"binary-expr","locations":[{"start":{"line":83,"column":6},"end":{"line":83,"column":28}},{"start":{"line":83,"column":32},"end":{"line":83,"column":70}}],"line":83},"5":{"loc":{"start":{"line":118,"column":6},"end":{"line":120,"column":7}},"type":"if","locations":[{"start":{"line":118,"column":6},"end":{"line":120,"column":7}},{"start":{},"end":{}}],"line":118},"6":{"loc":{"start":{"line":125,"column":6},"end":{"line":127,"column":7}},"type":"if","locations":[{"start":{"line":125,"column":6},"end":{"line":127,"column":7}},{"start":{},"end":{}}],"line":125},"7":{"loc":{"start":{"line":130,"column":6},"end":{"line":132,"column":7}},"type":"if","locations":[{"start":{"line":130,"column":6},"end":{"line":132,"column":7}},{"start":{},"end":{}}],"line":130},"8":{"loc":{"start":{"line":135,"column":21},"end":{"line":135,"column":77}},"type":"cond-expr","locations":[{"start":{"line":135,"column":36},"end":{"line":135,"column":73}},{"start":{"line":135,"column":76},"end":{"line":135,"column":77}}],"line":135}},"s":{"0":1,"1":1,"2":1,"3":1,"4":1,"5":1,"6":1,"7":1,"8":1,"9":1,"10":23,"11":23,"12":23,"13":2,"14":21,"15":21,"16":41,"17":21,"18":1,"19":20,"20":20,"21":1,"22":19,"23":19,"24":0,"25":0,"26":1,"27":7,"28":7,"29":7,"30":4,"31":3,"32":3,"33":11,"34":3,"35":1,"36":2,"37":6,"38":2,"39":1,"40":1,"41":1,"42":4,"43":1,"44":1,"45":1,"46":0,"47":0,"48":1,"49":1,"50":5,"51":1,"52":1,"53":1,"54":1},"f":{"0":23,"1":41,"2":7,"3":11,"4":6,"5":4,"6":1,"7":5,"8":1},"b":{"0":[2,21],"1":[41,22],"2":[1,20],"3":[1,19],"4":[19,0],"5":[4,3],"6":[1,2],"7":[1,1],"8":[1,0]},"_coverageSchema":"1a1c01bbd47fc00a2c39e90264f33305004495a9","hash":"4969343b595c4d45912a1502687d9790b0c90b07"}
}
