TN:
SF:middleware\auth.js
FN:3,(anonymous_0)
FN:11,(anonymous_1)
FN:20,(anonymous_2)
FN:21,(anonymous_3)
FNF:4
FNH:4
FNDA:19,(anonymous_0)
FNDA:15,(anonymous_1)
FNDA:21,(anonymous_2)
FNDA:28,(anonymous_3)
DA:1,5
DA:3,5
DA:4,19
DA:5,19
DA:7,19
DA:8,4
DA:11,15
DA:12,15
DA:13,2
DA:15,13
DA:16,13
DA:20,5
DA:21,21
DA:22,28
DA:23,1
DA:26,27
DA:27,3
DA:30,24
DA:34,5
LF:19
LH:19
BRDA:5,0,0,19
BRDA:5,0,1,16
BRDA:7,1,0,4
BRDA:7,1,1,15
BRDA:11,2,0,15
BRDA:11,2,1,0
BRDA:12,3,0,2
BRDA:12,3,1,13
BRDA:22,4,0,1
BRDA:22,4,1,27
BRDA:26,5,0,3
BRDA:26,5,1,24
BRF:12
BRH:11
end_of_record
TN:
SF:routes\auth.js
FN:53,(anonymous_0)
FN:63,(anonymous_1)
FN:115,(anonymous_2)
FN:124,(anonymous_3)
FN:129,(anonymous_4)
FN:135,(anonymous_5)
FN:169,(anonymous_6)
FN:170,(anonymous_7)
FN:176,(anonymous_8)
FNF:9
FNH:9
FNDA:23,(anonymous_0)
FNDA:41,(anonymous_1)
FNDA:7,(anonymous_2)
FNDA:11,(anonymous_3)
FNDA:6,(anonymous_4)
FNDA:4,(anonymous_5)
FNDA:1,(anonymous_6)
FNDA:5,(anonymous_7)
FNDA:1,(anonymous_8)
DA:1,1
DA:2,1
DA:3,1
DA:4,1
DA:5,1
DA:6,1
DA:10,1
DA:12,1
DA:14,1
DA:50,1
DA:54,23
DA:55,23
DA:56,23
DA:57,2
DA:60,21
DA:63,41
DA:64,21
DA:65,1
DA:69,20
DA:70,20
DA:71,1
DA:75,19
DA:87,19
DA:98,0
DA:99,0
DA:104,1
DA:116,7
DA:117,7
DA:118,7
DA:119,4
DA:122,3
DA:124,11
DA:125,3
DA:126,1
DA:129,6
DA:130,2
DA:131,1
DA:134,1
DA:135,4
DA:137,1
DA:146,1
DA:148,1
DA:158,0
DA:159,0
DA:165,1
DA:170,5
DA:171,1
DA:176,1
DA:177,1
DA:180,1
LF:50
LH:46
BRDA:56,0,0,2
BRDA:56,0,1,21
BRDA:63,1,0,41
BRDA:63,1,1,22
BRDA:64,2,0,1
BRDA:64,2,1,20
BRDA:70,3,0,1
BRDA:70,3,1,19
BRDA:83,4,0,19
BRDA:83,4,1,0
BRDA:118,5,0,4
BRDA:118,5,1,3
BRDA:125,6,0,1
BRDA:125,6,1,2
BRDA:130,7,0,1
BRDA:130,7,1,1
BRDA:135,8,0,1
BRDA:135,8,1,0
BRF:18
BRH:16
end_of_record
